2017-08-27 16:29:24,381 [INFO] from application in scala-execution-context-global-72 - Creating Pool for datasource 'default'
2017-08-27 16:29:25,278 [INFO] from play.api.db.DefaultDBApi in scala-execution-context-global-72 - Database [default] connected at jdbc:mysql://localhost/teste
2017-08-27 16:29:29,968 [WARN] from org.hibernate.validator.messageinterpolation.ParameterMessageInterpolator in scala-execution-context-global-72 - HV000184: ParameterMessageInterpolator has been chosen, EL interpolation will not be supported
2017-08-27 16:29:30,354 [INFO] from play.api.http.EnabledFilters in scala-execution-context-global-72 - Enabled Filters (see <https://www.playframework.com/documentation/latest/Filters>):


2017-08-27 16:29:30,367 [INFO] from play.api.Play in scala-execution-context-global-72 - Application started (Dev)
2017-08-27 16:31:20,466 [INFO] from application in scala-execution-context-global-115 - Shutting down connection pool.
2017-08-27 16:31:20,814 [INFO] from application in scala-execution-context-global-115 - Creating Pool for datasource 'default'
2017-08-27 16:31:20,820 [INFO] from play.api.db.DefaultDBApi in scala-execution-context-global-115 - Database [default] connected at jdbc:mysql://localhost/teste
2017-08-27 16:31:21,176 [WARN] from org.hibernate.validator.messageinterpolation.ParameterMessageInterpolator in scala-execution-context-global-115 - HV000184: ParameterMessageInterpolator has been chosen, EL interpolation will not be supported
2017-08-27 16:31:21,256 [INFO] from play.api.http.EnabledFilters in scala-execution-context-global-115 - Enabled Filters (see <https://www.playframework.com/documentation/latest/Filters>):


2017-08-27 16:31:21,257 [INFO] from play.api.Play in scala-execution-context-global-115 - Application started (Dev)
2017-08-27 16:33:25,500 [INFO] from application in scala-execution-context-global-164 - Shutting down connection pool.
2017-08-27 16:33:25,652 [INFO] from application in scala-execution-context-global-164 - Creating Pool for datasource 'default'
2017-08-27 16:33:25,658 [INFO] from play.api.db.DefaultDBApi in scala-execution-context-global-164 - Database [default] connected at jdbc:mysql://localhost/teste
2017-08-27 16:33:25,980 [WARN] from org.hibernate.validator.messageinterpolation.ParameterMessageInterpolator in scala-execution-context-global-164 - HV000184: ParameterMessageInterpolator has been chosen, EL interpolation will not be supported
2017-08-27 16:33:26,066 [INFO] from play.api.http.EnabledFilters in scala-execution-context-global-164 - Enabled Filters (see <https://www.playframework.com/documentation/latest/Filters>):


2017-08-27 16:33:26,066 [INFO] from play.api.Play in scala-execution-context-global-164 - Application started (Dev)
2017-08-27 16:39:01,602 [INFO] from application in scala-execution-context-global-214 - Shutting down connection pool.
2017-08-27 16:39:01,780 [INFO] from application in scala-execution-context-global-214 - Creating Pool for datasource 'default'
2017-08-27 16:39:01,785 [INFO] from play.api.db.DefaultDBApi in scala-execution-context-global-214 - Database [default] connected at jdbc:mysql://localhost/teste
2017-08-27 16:39:02,135 [WARN] from org.hibernate.validator.messageinterpolation.ParameterMessageInterpolator in scala-execution-context-global-214 - HV000184: ParameterMessageInterpolator has been chosen, EL interpolation will not be supported
2017-08-27 16:39:02,209 [INFO] from play.api.http.EnabledFilters in scala-execution-context-global-214 - Enabled Filters (see <https://www.playframework.com/documentation/latest/Filters>):


2017-08-27 16:39:02,210 [INFO] from play.api.Play in scala-execution-context-global-214 - Application started (Dev)
2017-08-27 16:39:25,106 [INFO] from application in scala-execution-context-global-230 - Shutting down connection pool.
2017-08-27 16:39:25,253 [INFO] from application in scala-execution-context-global-230 - Creating Pool for datasource 'default'
2017-08-27 16:39:25,258 [INFO] from play.api.db.DefaultDBApi in scala-execution-context-global-230 - Database [default] connected at jdbc:mysql://localhost/teste
2017-08-27 16:39:25,591 [WARN] from org.hibernate.validator.messageinterpolation.ParameterMessageInterpolator in scala-execution-context-global-230 - HV000184: ParameterMessageInterpolator has been chosen, EL interpolation will not be supported
2017-08-27 16:39:25,681 [INFO] from play.api.http.EnabledFilters in scala-execution-context-global-230 - Enabled Filters (see <https://www.playframework.com/documentation/latest/Filters>):


2017-08-27 16:39:25,682 [INFO] from play.api.Play in scala-execution-context-global-230 - Application started (Dev)
2017-08-27 16:42:38,631 [INFO] from application in scala-execution-context-global-309 - Shutting down connection pool.
2017-08-27 16:42:38,865 [INFO] from application in scala-execution-context-global-309 - Creating Pool for datasource 'default'
2017-08-27 16:42:38,869 [INFO] from play.api.db.DefaultDBApi in scala-execution-context-global-309 - Database [default] connected at jdbc:mysql://localhost/teste
2017-08-27 16:42:39,441 [WARN] from org.hibernate.validator.messageinterpolation.ParameterMessageInterpolator in scala-execution-context-global-309 - HV000184: ParameterMessageInterpolator has been chosen, EL interpolation will not be supported
2017-08-27 16:42:39,506 [INFO] from play.api.http.EnabledFilters in scala-execution-context-global-309 - Enabled Filters (see <https://www.playframework.com/documentation/latest/Filters>):


2017-08-27 16:42:39,507 [INFO] from play.api.Play in scala-execution-context-global-309 - Application started (Dev)
2017-08-27 16:52:16,716 [INFO] from application in scala-execution-context-global-360 - Shutting down connection pool.
2017-08-27 16:52:16,851 [INFO] from application in scala-execution-context-global-360 - Creating Pool for datasource 'default'
2017-08-27 16:52:16,856 [INFO] from play.api.db.DefaultDBApi in scala-execution-context-global-360 - Database [default] connected at jdbc:mysql://localhost/teste
2017-08-27 16:52:17,138 [WARN] from org.hibernate.validator.messageinterpolation.ParameterMessageInterpolator in scala-execution-context-global-360 - HV000184: ParameterMessageInterpolator has been chosen, EL interpolation will not be supported
2017-08-27 16:52:17,202 [INFO] from play.api.http.EnabledFilters in scala-execution-context-global-360 - Enabled Filters (see <https://www.playframework.com/documentation/latest/Filters>):


2017-08-27 16:52:17,203 [INFO] from play.api.Play in scala-execution-context-global-360 - Application started (Dev)
2017-08-27 16:52:52,503 [ERROR] from application in application-akka.actor.default-dispatcher-5 - 

! @75654j944 - Internal server error, for (POST) [/cliente/novo] ->
 
play.api.http.HttpErrorHandlerExceptions$$anon$1: Execution exception[[IllegalStateException: Error(s) binding form: {"dataCadastro":["Você precisa fornecer a data de cadastro!"]}]]
	at play.api.http.HttpErrorHandlerExceptions$.throwableToUsefulException(HttpErrorHandler.scala:255)
	at play.api.http.DefaultHttpErrorHandler.onServerError(HttpErrorHandler.scala:182)
	at play.core.server.AkkaHttpServer$$anonfun$$nestedInanonfun$executeHandler$1$1.applyOrElse(AkkaHttpServer.scala:230)
	at play.core.server.AkkaHttpServer$$anonfun$$nestedInanonfun$executeHandler$1$1.applyOrElse(AkkaHttpServer.scala:229)
	at scala.concurrent.Future.$anonfun$recoverWith$1(Future.scala:412)
	at scala.concurrent.impl.Promise.$anonfun$transformWith$1(Promise.scala:37)
	at scala.concurrent.impl.CallbackRunnable.run(Promise.scala:60)
	at play.api.libs.streams.Execution$trampoline$.execute(Execution.scala:70)
	at scala.concurrent.impl.CallbackRunnable.executeWithValue(Promise.scala:68)
	at scala.concurrent.impl.Promise$DefaultPromise.$anonfun$tryComplete$1(Promise.scala:284)
	at scala.concurrent.impl.Promise$DefaultPromise.$anonfun$tryComplete$1$adapted(Promise.scala:284)
	at scala.concurrent.impl.Promise$DefaultPromise.tryComplete(Promise.scala:284)
	at scala.concurrent.impl.Promise$DefaultPromise.link(Promise.scala:337)
	at scala.concurrent.impl.Promise$DefaultPromise.linkRootOf(Promise.scala:322)
	at scala.concurrent.impl.Promise.$anonfun$transformWith$1(Promise.scala:39)
	at scala.concurrent.impl.CallbackRunnable.run(Promise.scala:60)
	at akka.dispatch.BatchingExecutor$AbstractBatch.processBatch(BatchingExecutor.scala:55)
	at akka.dispatch.BatchingExecutor$BlockableBatch.$anonfun$run$1(BatchingExecutor.scala:91)
	at scala.runtime.java8.JFunction0$mcV$sp.apply(JFunction0$mcV$sp.java:12)
	at scala.concurrent.BlockContext$.withBlockContext(BlockContext.scala:81)
	at akka.dispatch.BatchingExecutor$BlockableBatch.run(BatchingExecutor.scala:91)
	at akka.dispatch.TaskInvocation.run(AbstractDispatcher.scala:38)
	at akka.dispatch.ForkJoinExecutorConfigurator$AkkaForkJoinTask.exec(ForkJoinExecutorConfigurator.scala:43)
	at akka.dispatch.forkjoin.ForkJoinTask.doExec(ForkJoinTask.java:260)
	at akka.dispatch.forkjoin.ForkJoinPool$WorkQueue.runTask(ForkJoinPool.java:1339)
	at akka.dispatch.forkjoin.ForkJoinPool.runWorker(ForkJoinPool.java:1979)
	at akka.dispatch.forkjoin.ForkJoinWorkerThread.run(ForkJoinWorkerThread.java:107)
Caused by: java.lang.IllegalStateException: Error(s) binding form: {"dataCadastro":["Você precisa fornecer a data de cadastro!"]}
	at play.data.Form.get(Form.java:761)
	at controllers.ClienteController.salvaNovoCliente(ClienteController.java:59)
	at router.Routes$$anonfun$routes$1.$anonfun$applyOrElse$20(Routes.scala:644)
	at play.core.routing.HandlerInvokerFactory$$anon$3.resultCall(HandlerInvoker.scala:136)
	at play.core.routing.HandlerInvokerFactory$$anon$3.resultCall(HandlerInvoker.scala:135)
	at play.core.routing.HandlerInvokerFactory$JavaActionInvokerFactory$$anon$8$$anon$2$$anon$1.invocation(HandlerInvoker.scala:110)
	at play.core.j.JavaAction$$anon$1.call(JavaAction.scala:78)
	at play.http.DefaultActionCreator$1.call(DefaultActionCreator.java:31)
	at play.core.j.JavaAction.$anonfun$apply$2(JavaAction.scala:113)
	at scala.concurrent.Future$.$anonfun$apply$1(Future.scala:653)
	at scala.util.Success.$anonfun$map$1(Try.scala:251)
	at scala.util.Success.map(Try.scala:209)
	at scala.concurrent.Future.$anonfun$map$1(Future.scala:287)
	at scala.concurrent.impl.Promise.liftedTree1$1(Promise.scala:29)
	at scala.concurrent.impl.Promise.$anonfun$transform$1(Promise.scala:29)
	at scala.concurrent.impl.CallbackRunnable.run(Promise.scala:60)
	at play.core.j.HttpExecutionContext$$anon$2.run(HttpExecutionContext.scala:56)
	at play.api.libs.streams.Execution$trampoline$.execute(Execution.scala:70)
	at play.core.j.HttpExecutionContext.execute(HttpExecutionContext.scala:48)
	at scala.concurrent.impl.CallbackRunnable.executeWithValue(Promise.scala:68)
	at scala.concurrent.impl.Promise$KeptPromise$Kept.onComplete(Promise.scala:368)
	at scala.concurrent.impl.Promise$KeptPromise$Kept.onComplete$(Promise.scala:367)
	at scala.concurrent.impl.Promise$KeptPromise$Successful.onComplete(Promise.scala:375)
	at scala.concurrent.impl.Promise.transform(Promise.scala:29)
	at scala.concurrent.impl.Promise.transform$(Promise.scala:27)
	at scala.concurrent.impl.Promise$KeptPromise$Successful.transform(Promise.scala:375)
	at scala.concurrent.Future.map(Future.scala:287)
	at scala.concurrent.Future.map$(Future.scala:287)
	at scala.concurrent.impl.Promise$KeptPromise$Successful.map(Promise.scala:375)
	at scala.concurrent.Future$.apply(Future.scala:653)
	at play.core.j.JavaAction.apply(JavaAction.scala:113)
	at play.api.mvc.Action.$anonfun$apply$2(Action.scala:96)
	at scala.concurrent.Future.$anonfun$flatMap$1(Future.scala:302)
	at scala.concurrent.impl.Promise.$anonfun$transformWith$1(Promise.scala:37)
	... 12 common frames omitted
2017-08-27 17:01:43,467 [WARN] from com.zaxxer.hikari.pool.HikariPool in HikariPool-7 housekeeper - HikariPool-7 - Retrograde clock change detected (housekeeper delta=26s485ms), soft-evicting connections from pool.
2017-08-27 17:05:05,276 [INFO] from application in scala-execution-context-global-416 - Shutting down connection pool.
2017-08-27 17:05:05,415 [INFO] from application in scala-execution-context-global-416 - Creating Pool for datasource 'default'
2017-08-27 17:05:05,422 [INFO] from play.api.db.DefaultDBApi in scala-execution-context-global-416 - Database [default] connected at jdbc:mysql://localhost/teste
2017-08-27 17:05:05,737 [WARN] from org.hibernate.validator.messageinterpolation.ParameterMessageInterpolator in scala-execution-context-global-416 - HV000184: ParameterMessageInterpolator has been chosen, EL interpolation will not be supported
2017-08-27 17:05:05,791 [INFO] from play.api.http.EnabledFilters in scala-execution-context-global-416 - Enabled Filters (see <https://www.playframework.com/documentation/latest/Filters>):


2017-08-27 17:05:05,792 [INFO] from play.api.Play in scala-execution-context-global-416 - Application started (Dev)
2017-08-27 17:10:18,852 [ERROR] from application in application-akka.actor.default-dispatcher-2 - 

! @756570n0p - Internal server error, for (POST) [/cliente/novo] ->
 
play.api.http.HttpErrorHandlerExceptions$$anon$1: Execution exception[[IllegalStateException: Error(s) binding form: {"nome":["Você precisa fornecer um nome!"]}]]
	at play.api.http.HttpErrorHandlerExceptions$.throwableToUsefulException(HttpErrorHandler.scala:255)
	at play.api.http.DefaultHttpErrorHandler.onServerError(HttpErrorHandler.scala:182)
	at play.core.server.AkkaHttpServer$$anonfun$$nestedInanonfun$executeHandler$1$1.applyOrElse(AkkaHttpServer.scala:230)
	at play.core.server.AkkaHttpServer$$anonfun$$nestedInanonfun$executeHandler$1$1.applyOrElse(AkkaHttpServer.scala:229)
	at scala.concurrent.Future.$anonfun$recoverWith$1(Future.scala:412)
	at scala.concurrent.impl.Promise.$anonfun$transformWith$1(Promise.scala:37)
	at scala.concurrent.impl.CallbackRunnable.run(Promise.scala:60)
	at play.api.libs.streams.Execution$trampoline$.execute(Execution.scala:70)
	at scala.concurrent.impl.CallbackRunnable.executeWithValue(Promise.scala:68)
	at scala.concurrent.impl.Promise$DefaultPromise.$anonfun$tryComplete$1(Promise.scala:284)
	at scala.concurrent.impl.Promise$DefaultPromise.$anonfun$tryComplete$1$adapted(Promise.scala:284)
	at scala.concurrent.impl.Promise$DefaultPromise.tryComplete(Promise.scala:284)
	at scala.concurrent.impl.Promise$DefaultPromise.link(Promise.scala:337)
	at scala.concurrent.impl.Promise$DefaultPromise.linkRootOf(Promise.scala:322)
	at scala.concurrent.impl.Promise.$anonfun$transformWith$1(Promise.scala:39)
	at scala.concurrent.impl.CallbackRunnable.run(Promise.scala:60)
	at akka.dispatch.BatchingExecutor$AbstractBatch.processBatch(BatchingExecutor.scala:55)
	at akka.dispatch.BatchingExecutor$BlockableBatch.$anonfun$run$1(BatchingExecutor.scala:91)
	at scala.runtime.java8.JFunction0$mcV$sp.apply(JFunction0$mcV$sp.java:12)
	at scala.concurrent.BlockContext$.withBlockContext(BlockContext.scala:81)
	at akka.dispatch.BatchingExecutor$BlockableBatch.run(BatchingExecutor.scala:91)
	at akka.dispatch.TaskInvocation.run(AbstractDispatcher.scala:38)
	at akka.dispatch.ForkJoinExecutorConfigurator$AkkaForkJoinTask.exec(ForkJoinExecutorConfigurator.scala:43)
	at akka.dispatch.forkjoin.ForkJoinTask.doExec(ForkJoinTask.java:260)
	at akka.dispatch.forkjoin.ForkJoinPool$WorkQueue.runTask(ForkJoinPool.java:1339)
	at akka.dispatch.forkjoin.ForkJoinPool.runWorker(ForkJoinPool.java:1979)
	at akka.dispatch.forkjoin.ForkJoinWorkerThread.run(ForkJoinWorkerThread.java:107)
Caused by: java.lang.IllegalStateException: Error(s) binding form: {"nome":["Você precisa fornecer um nome!"]}
	at play.data.Form.get(Form.java:761)
	at controllers.ClienteController.salvaNovoCliente(ClienteController.java:59)
	at router.Routes$$anonfun$routes$1.$anonfun$applyOrElse$20(Routes.scala:644)
	at play.core.routing.HandlerInvokerFactory$$anon$3.resultCall(HandlerInvoker.scala:136)
	at play.core.routing.HandlerInvokerFactory$$anon$3.resultCall(HandlerInvoker.scala:135)
	at play.core.routing.HandlerInvokerFactory$JavaActionInvokerFactory$$anon$8$$anon$2$$anon$1.invocation(HandlerInvoker.scala:110)
	at play.core.j.JavaAction$$anon$1.call(JavaAction.scala:78)
	at play.http.DefaultActionCreator$1.call(DefaultActionCreator.java:31)
	at play.core.j.JavaAction.$anonfun$apply$2(JavaAction.scala:113)
	at scala.concurrent.Future$.$anonfun$apply$1(Future.scala:653)
	at scala.util.Success.$anonfun$map$1(Try.scala:251)
	at scala.util.Success.map(Try.scala:209)
	at scala.concurrent.Future.$anonfun$map$1(Future.scala:287)
	at scala.concurrent.impl.Promise.liftedTree1$1(Promise.scala:29)
	at scala.concurrent.impl.Promise.$anonfun$transform$1(Promise.scala:29)
	at scala.concurrent.impl.CallbackRunnable.run(Promise.scala:60)
	at play.core.j.HttpExecutionContext$$anon$2.run(HttpExecutionContext.scala:56)
	at play.api.libs.streams.Execution$trampoline$.execute(Execution.scala:70)
	at play.core.j.HttpExecutionContext.execute(HttpExecutionContext.scala:48)
	at scala.concurrent.impl.CallbackRunnable.executeWithValue(Promise.scala:68)
	at scala.concurrent.impl.Promise$KeptPromise$Kept.onComplete(Promise.scala:368)
	at scala.concurrent.impl.Promise$KeptPromise$Kept.onComplete$(Promise.scala:367)
	at scala.concurrent.impl.Promise$KeptPromise$Successful.onComplete(Promise.scala:375)
	at scala.concurrent.impl.Promise.transform(Promise.scala:29)
	at scala.concurrent.impl.Promise.transform$(Promise.scala:27)
	at scala.concurrent.impl.Promise$KeptPromise$Successful.transform(Promise.scala:375)
	at scala.concurrent.Future.map(Future.scala:287)
	at scala.concurrent.Future.map$(Future.scala:287)
	at scala.concurrent.impl.Promise$KeptPromise$Successful.map(Promise.scala:375)
	at scala.concurrent.Future$.apply(Future.scala:653)
	at play.core.j.JavaAction.apply(JavaAction.scala:113)
	at play.api.mvc.Action.$anonfun$apply$2(Action.scala:96)
	at scala.concurrent.Future.$anonfun$flatMap$1(Future.scala:302)
	at scala.concurrent.impl.Promise.$anonfun$transformWith$1(Promise.scala:37)
	... 12 common frames omitted
2017-08-27 17:11:09,280 [ERROR] from application in application-akka.actor.default-dispatcher-2 - 

! @756573jgd - Internal server error, for (POST) [/cliente/novo] ->
 
play.api.http.HttpErrorHandlerExceptions$$anon$1: Execution exception[[IllegalStateException: Error(s) binding form: {"nome":["Você precisa fornecer um nome!"]}]]
	at play.api.http.HttpErrorHandlerExceptions$.throwableToUsefulException(HttpErrorHandler.scala:255)
	at play.api.http.DefaultHttpErrorHandler.onServerError(HttpErrorHandler.scala:182)
	at play.core.server.AkkaHttpServer$$anonfun$$nestedInanonfun$executeHandler$1$1.applyOrElse(AkkaHttpServer.scala:230)
	at play.core.server.AkkaHttpServer$$anonfun$$nestedInanonfun$executeHandler$1$1.applyOrElse(AkkaHttpServer.scala:229)
	at scala.concurrent.Future.$anonfun$recoverWith$1(Future.scala:412)
	at scala.concurrent.impl.Promise.$anonfun$transformWith$1(Promise.scala:37)
	at scala.concurrent.impl.CallbackRunnable.run(Promise.scala:60)
	at play.api.libs.streams.Execution$trampoline$.execute(Execution.scala:70)
	at scala.concurrent.impl.CallbackRunnable.executeWithValue(Promise.scala:68)
	at scala.concurrent.impl.Promise$DefaultPromise.$anonfun$tryComplete$1(Promise.scala:284)
	at scala.concurrent.impl.Promise$DefaultPromise.$anonfun$tryComplete$1$adapted(Promise.scala:284)
	at scala.concurrent.impl.Promise$DefaultPromise.tryComplete(Promise.scala:284)
	at scala.concurrent.impl.Promise$DefaultPromise.link(Promise.scala:337)
	at scala.concurrent.impl.Promise$DefaultPromise.linkRootOf(Promise.scala:322)
	at scala.concurrent.impl.Promise.$anonfun$transformWith$1(Promise.scala:39)
	at scala.concurrent.impl.CallbackRunnable.run(Promise.scala:60)
	at akka.dispatch.BatchingExecutor$AbstractBatch.processBatch(BatchingExecutor.scala:55)
	at akka.dispatch.BatchingExecutor$BlockableBatch.$anonfun$run$1(BatchingExecutor.scala:91)
	at scala.runtime.java8.JFunction0$mcV$sp.apply(JFunction0$mcV$sp.java:12)
	at scala.concurrent.BlockContext$.withBlockContext(BlockContext.scala:81)
	at akka.dispatch.BatchingExecutor$BlockableBatch.run(BatchingExecutor.scala:91)
	at akka.dispatch.TaskInvocation.run(AbstractDispatcher.scala:38)
	at akka.dispatch.ForkJoinExecutorConfigurator$AkkaForkJoinTask.exec(ForkJoinExecutorConfigurator.scala:43)
	at akka.dispatch.forkjoin.ForkJoinTask.doExec(ForkJoinTask.java:260)
	at akka.dispatch.forkjoin.ForkJoinPool$WorkQueue.runTask(ForkJoinPool.java:1339)
	at akka.dispatch.forkjoin.ForkJoinPool.runWorker(ForkJoinPool.java:1979)
	at akka.dispatch.forkjoin.ForkJoinWorkerThread.run(ForkJoinWorkerThread.java:107)
Caused by: java.lang.IllegalStateException: Error(s) binding form: {"nome":["Você precisa fornecer um nome!"]}
	at play.data.Form.get(Form.java:761)
	at controllers.ClienteController.salvaNovoCliente(ClienteController.java:59)
	at router.Routes$$anonfun$routes$1.$anonfun$applyOrElse$20(Routes.scala:644)
	at play.core.routing.HandlerInvokerFactory$$anon$3.resultCall(HandlerInvoker.scala:136)
	at play.core.routing.HandlerInvokerFactory$$anon$3.resultCall(HandlerInvoker.scala:135)
	at play.core.routing.HandlerInvokerFactory$JavaActionInvokerFactory$$anon$8$$anon$2$$anon$1.invocation(HandlerInvoker.scala:110)
	at play.core.j.JavaAction$$anon$1.call(JavaAction.scala:78)
	at play.http.DefaultActionCreator$1.call(DefaultActionCreator.java:31)
	at play.core.j.JavaAction.$anonfun$apply$2(JavaAction.scala:113)
	at scala.concurrent.Future$.$anonfun$apply$1(Future.scala:653)
	at scala.util.Success.$anonfun$map$1(Try.scala:251)
	at scala.util.Success.map(Try.scala:209)
	at scala.concurrent.Future.$anonfun$map$1(Future.scala:287)
	at scala.concurrent.impl.Promise.liftedTree1$1(Promise.scala:29)
	at scala.concurrent.impl.Promise.$anonfun$transform$1(Promise.scala:29)
	at scala.concurrent.impl.CallbackRunnable.run(Promise.scala:60)
	at play.core.j.HttpExecutionContext$$anon$2.run(HttpExecutionContext.scala:56)
	at play.api.libs.streams.Execution$trampoline$.execute(Execution.scala:70)
	at play.core.j.HttpExecutionContext.execute(HttpExecutionContext.scala:48)
	at scala.concurrent.impl.CallbackRunnable.executeWithValue(Promise.scala:68)
	at scala.concurrent.impl.Promise$KeptPromise$Kept.onComplete(Promise.scala:368)
	at scala.concurrent.impl.Promise$KeptPromise$Kept.onComplete$(Promise.scala:367)
	at scala.concurrent.impl.Promise$KeptPromise$Successful.onComplete(Promise.scala:375)
	at scala.concurrent.impl.Promise.transform(Promise.scala:29)
	at scala.concurrent.impl.Promise.transform$(Promise.scala:27)
	at scala.concurrent.impl.Promise$KeptPromise$Successful.transform(Promise.scala:375)
	at scala.concurrent.Future.map(Future.scala:287)
	at scala.concurrent.Future.map$(Future.scala:287)
	at scala.concurrent.impl.Promise$KeptPromise$Successful.map(Promise.scala:375)
	at scala.concurrent.Future$.apply(Future.scala:653)
	at play.core.j.JavaAction.apply(JavaAction.scala:113)
	at play.api.mvc.Action.$anonfun$apply$2(Action.scala:96)
	at scala.concurrent.Future.$anonfun$flatMap$1(Future.scala:302)
	at scala.concurrent.impl.Promise.$anonfun$transformWith$1(Promise.scala:37)
	... 12 common frames omitted
2017-08-27 17:30:00,190 [WARN] from com.zaxxer.hikari.pool.HikariPool in HikariPool-8 housekeeper - HikariPool-8 - Thread starvation or clock leap detected (housekeeper delta=3m54s537ms).
2017-08-27 17:42:51,008 [ERROR] from application in application-akka.actor.default-dispatcher-2 - 

! @7565b7oln - Internal server error, for (POST) [/cliente/novo] ->
 
play.api.http.HttpErrorHandlerExceptions$$anon$1: Execution exception[[IllegalStateException: Error(s) binding form: {"nome":["Você precisa fornecer um nome!"]}]]
	at play.api.http.HttpErrorHandlerExceptions$.throwableToUsefulException(HttpErrorHandler.scala:255)
	at play.api.http.DefaultHttpErrorHandler.onServerError(HttpErrorHandler.scala:182)
	at play.core.server.AkkaHttpServer$$anonfun$$nestedInanonfun$executeHandler$1$1.applyOrElse(AkkaHttpServer.scala:230)
	at play.core.server.AkkaHttpServer$$anonfun$$nestedInanonfun$executeHandler$1$1.applyOrElse(AkkaHttpServer.scala:229)
	at scala.concurrent.Future.$anonfun$recoverWith$1(Future.scala:412)
	at scala.concurrent.impl.Promise.$anonfun$transformWith$1(Promise.scala:37)
	at scala.concurrent.impl.CallbackRunnable.run(Promise.scala:60)
	at play.api.libs.streams.Execution$trampoline$.execute(Execution.scala:70)
	at scala.concurrent.impl.CallbackRunnable.executeWithValue(Promise.scala:68)
	at scala.concurrent.impl.Promise$DefaultPromise.$anonfun$tryComplete$1(Promise.scala:284)
	at scala.concurrent.impl.Promise$DefaultPromise.$anonfun$tryComplete$1$adapted(Promise.scala:284)
	at scala.concurrent.impl.Promise$DefaultPromise.tryComplete(Promise.scala:284)
	at scala.concurrent.impl.Promise$DefaultPromise.link(Promise.scala:337)
	at scala.concurrent.impl.Promise$DefaultPromise.linkRootOf(Promise.scala:322)
	at scala.concurrent.impl.Promise.$anonfun$transformWith$1(Promise.scala:39)
	at scala.concurrent.impl.CallbackRunnable.run(Promise.scala:60)
	at akka.dispatch.BatchingExecutor$AbstractBatch.processBatch(BatchingExecutor.scala:55)
	at akka.dispatch.BatchingExecutor$BlockableBatch.$anonfun$run$1(BatchingExecutor.scala:91)
	at scala.runtime.java8.JFunction0$mcV$sp.apply(JFunction0$mcV$sp.java:12)
	at scala.concurrent.BlockContext$.withBlockContext(BlockContext.scala:81)
	at akka.dispatch.BatchingExecutor$BlockableBatch.run(BatchingExecutor.scala:91)
	at akka.dispatch.TaskInvocation.run(AbstractDispatcher.scala:38)
	at akka.dispatch.ForkJoinExecutorConfigurator$AkkaForkJoinTask.exec(ForkJoinExecutorConfigurator.scala:43)
	at akka.dispatch.forkjoin.ForkJoinTask.doExec(ForkJoinTask.java:260)
	at akka.dispatch.forkjoin.ForkJoinPool$WorkQueue.runTask(ForkJoinPool.java:1339)
	at akka.dispatch.forkjoin.ForkJoinPool.runWorker(ForkJoinPool.java:1979)
	at akka.dispatch.forkjoin.ForkJoinWorkerThread.run(ForkJoinWorkerThread.java:107)
Caused by: java.lang.IllegalStateException: Error(s) binding form: {"nome":["Você precisa fornecer um nome!"]}
	at play.data.Form.get(Form.java:761)
	at controllers.ClienteController.salvaNovoCliente(ClienteController.java:59)
	at router.Routes$$anonfun$routes$1.$anonfun$applyOrElse$20(Routes.scala:644)
	at play.core.routing.HandlerInvokerFactory$$anon$3.resultCall(HandlerInvoker.scala:136)
	at play.core.routing.HandlerInvokerFactory$$anon$3.resultCall(HandlerInvoker.scala:135)
	at play.core.routing.HandlerInvokerFactory$JavaActionInvokerFactory$$anon$8$$anon$2$$anon$1.invocation(HandlerInvoker.scala:110)
	at play.core.j.JavaAction$$anon$1.call(JavaAction.scala:78)
	at play.http.DefaultActionCreator$1.call(DefaultActionCreator.java:31)
	at play.core.j.JavaAction.$anonfun$apply$2(JavaAction.scala:113)
	at scala.concurrent.Future$.$anonfun$apply$1(Future.scala:653)
	at scala.util.Success.$anonfun$map$1(Try.scala:251)
	at scala.util.Success.map(Try.scala:209)
	at scala.concurrent.Future.$anonfun$map$1(Future.scala:287)
	at scala.concurrent.impl.Promise.liftedTree1$1(Promise.scala:29)
	at scala.concurrent.impl.Promise.$anonfun$transform$1(Promise.scala:29)
	at scala.concurrent.impl.CallbackRunnable.run(Promise.scala:60)
	at play.core.j.HttpExecutionContext$$anon$2.run(HttpExecutionContext.scala:56)
	at play.api.libs.streams.Execution$trampoline$.execute(Execution.scala:70)
	at play.core.j.HttpExecutionContext.execute(HttpExecutionContext.scala:48)
	at scala.concurrent.impl.CallbackRunnable.executeWithValue(Promise.scala:68)
	at scala.concurrent.impl.Promise$KeptPromise$Kept.onComplete(Promise.scala:368)
	at scala.concurrent.impl.Promise$KeptPromise$Kept.onComplete$(Promise.scala:367)
	at scala.concurrent.impl.Promise$KeptPromise$Successful.onComplete(Promise.scala:375)
	at scala.concurrent.impl.Promise.transform(Promise.scala:29)
	at scala.concurrent.impl.Promise.transform$(Promise.scala:27)
	at scala.concurrent.impl.Promise$KeptPromise$Successful.transform(Promise.scala:375)
	at scala.concurrent.Future.map(Future.scala:287)
	at scala.concurrent.Future.map$(Future.scala:287)
	at scala.concurrent.impl.Promise$KeptPromise$Successful.map(Promise.scala:375)
	at scala.concurrent.Future$.apply(Future.scala:653)
	at play.core.j.JavaAction.apply(JavaAction.scala:113)
	at play.api.mvc.Action.$anonfun$apply$2(Action.scala:96)
	at scala.concurrent.Future.$anonfun$flatMap$1(Future.scala:302)
	at scala.concurrent.impl.Promise.$anonfun$transformWith$1(Promise.scala:37)
	... 12 common frames omitted
2017-08-27 17:50:24,713 [INFO] from application in scala-execution-context-global-546 - Shutting down connection pool.
2017-08-27 17:50:24,850 [INFO] from application in scala-execution-context-global-546 - Creating Pool for datasource 'default'
2017-08-27 17:50:24,859 [INFO] from play.api.db.DefaultDBApi in scala-execution-context-global-546 - Database [default] connected at jdbc:mysql://localhost/teste
2017-08-27 17:50:25,464 [WARN] from org.hibernate.validator.messageinterpolation.ParameterMessageInterpolator in scala-execution-context-global-546 - HV000184: ParameterMessageInterpolator has been chosen, EL interpolation will not be supported
2017-08-27 17:50:25,549 [INFO] from play.api.http.EnabledFilters in scala-execution-context-global-546 - Enabled Filters (see <https://www.playframework.com/documentation/latest/Filters>):


2017-08-27 17:50:25,550 [INFO] from play.api.Play in scala-execution-context-global-546 - Application started (Dev)
2017-08-27 17:59:00,358 [INFO] from application in scala-execution-context-global-600 - Shutting down connection pool.
2017-08-27 17:59:00,513 [INFO] from application in scala-execution-context-global-600 - Creating Pool for datasource 'default'
2017-08-27 17:59:00,517 [INFO] from play.api.db.DefaultDBApi in scala-execution-context-global-600 - Database [default] connected at jdbc:mysql://localhost/teste
2017-08-27 17:59:00,855 [WARN] from org.hibernate.validator.messageinterpolation.ParameterMessageInterpolator in scala-execution-context-global-600 - HV000184: ParameterMessageInterpolator has been chosen, EL interpolation will not be supported
2017-08-27 17:59:00,910 [INFO] from play.api.http.EnabledFilters in scala-execution-context-global-600 - Enabled Filters (see <https://www.playframework.com/documentation/latest/Filters>):


2017-08-27 17:59:00,911 [INFO] from play.api.Play in scala-execution-context-global-600 - Application started (Dev)
2017-08-27 17:59:45,683 [INFO] from application in scala-execution-context-global-645 - Shutting down connection pool.
2017-08-27 17:59:45,791 [INFO] from application in scala-execution-context-global-645 - Creating Pool for datasource 'default'
2017-08-27 17:59:45,795 [INFO] from play.api.db.DefaultDBApi in scala-execution-context-global-645 - Database [default] connected at jdbc:mysql://localhost/teste
2017-08-27 17:59:46,080 [WARN] from org.hibernate.validator.messageinterpolation.ParameterMessageInterpolator in scala-execution-context-global-645 - HV000184: ParameterMessageInterpolator has been chosen, EL interpolation will not be supported
2017-08-27 17:59:46,144 [INFO] from play.api.http.EnabledFilters in scala-execution-context-global-645 - Enabled Filters (see <https://www.playframework.com/documentation/latest/Filters>):


2017-08-27 17:59:46,144 [INFO] from play.api.Play in scala-execution-context-global-645 - Application started (Dev)
2017-08-27 18:01:48,398 [INFO] from application in scala-execution-context-global-690 - Shutting down connection pool.
2017-08-27 18:01:48,523 [INFO] from application in scala-execution-context-global-690 - Creating Pool for datasource 'default'
2017-08-27 18:01:48,528 [INFO] from play.api.db.DefaultDBApi in scala-execution-context-global-690 - Database [default] connected at jdbc:mysql://localhost/teste
2017-08-27 18:01:48,842 [WARN] from org.hibernate.validator.messageinterpolation.ParameterMessageInterpolator in scala-execution-context-global-690 - HV000184: ParameterMessageInterpolator has been chosen, EL interpolation will not be supported
2017-08-27 18:01:48,900 [INFO] from play.api.http.EnabledFilters in scala-execution-context-global-690 - Enabled Filters (see <https://www.playframework.com/documentation/latest/Filters>):


2017-08-27 18:01:48,900 [INFO] from play.api.Play in scala-execution-context-global-690 - Application started (Dev)
2017-08-27 18:06:08,345 [WARN] from play in application-akka.actor.default-dispatcher-4 - You are using status code '400' with flashing, which should only be used with a redirect status!
2017-08-27 18:06:33,711 [WARN] from play in application-akka.actor.default-dispatcher-4 - You are using status code '400' with flashing, which should only be used with a redirect status!
2017-08-27 18:07:18,457 [WARN] from play in application-akka.actor.default-dispatcher-4 - You are using status code '400' with flashing, which should only be used with a redirect status!
2017-08-27 18:07:42,303 [WARN] from play in application-akka.actor.default-dispatcher-4 - You are using status code '200' with flashing, which should only be used with a redirect status!
